  WASM_Module_BitsAndDroids.cpp
  In file included from WASM_Module_BitsAndDroids.cpp:1:
C:\MSFS SDK\WASM\include\MSFS/Legacy/gauges.h(118,9): warning : 'UINT8_MAX' macro redefined [-Wmacro-redefined]
C:\MSFS SDK\WASM\wasi-sysroot/include\stdint.h(48,9): message : previous definition is here
  In file included from WASM_Module_BitsAndDroids.cpp:1:
C:\MSFS SDK\WASM\include\MSFS/Legacy/gauges.h(124,9): warning : 'UINT16_MAX' macro redefined [-Wmacro-redefined]
C:\MSFS SDK\WASM\wasi-sysroot/include\stdint.h(49,9): message : previous definition is here
  In file included from WASM_Module_BitsAndDroids.cpp:1:
C:\MSFS SDK\WASM\include\MSFS/Legacy/gauges.h(130,9): warning : 'UINT32_MAX' macro redefined [-Wmacro-redefined]
C:\MSFS SDK\WASM\wasi-sysroot/include\stdint.h(50,9): message : previous definition is here
  In file included from WASM_Module_BitsAndDroids.cpp:1:
C:\MSFS SDK\WASM\include\MSFS/Legacy/gauges.h(6130,17): warning : '__stdcall' calling convention is not supported for this target [-Wignored-attributes]
C:\MSFS SDK\WASM\include\MSFS/Legacy/gauges.h(40,17): message : expanded from macro 'FSAPI'
C:\MSFS SDK\WASM\include\MSFS/Legacy/gauges.h(6133,17): warning : '__stdcall' calling convention is not supported for this target [-Wignored-attributes]
C:\MSFS SDK\WASM\include\MSFS/Legacy/gauges.h(40,17): message : expanded from macro 'FSAPI'
C:\MSFS SDK\WASM\include\MSFS/Legacy/gauges.h(6350,14): warning : '__stdcall' calling convention is not supported for this target [-Wignored-attributes]
C:\MSFS SDK\WASM\include\MSFS/Legacy/gauges.h(40,17): message : expanded from macro 'FSAPI'
C:\MSFS SDK\WASM\include\MSFS/Legacy/gauges.h(6353,14): warning : '__stdcall' calling convention is not supported for this target [-Wignored-attributes]
C:\MSFS SDK\WASM\include\MSFS/Legacy/gauges.h(40,17): message : expanded from macro 'FSAPI'
C:\MSFS SDK\WASM\include\MSFS/Legacy/gauges.h(6356,14): warning : '__stdcall' calling convention is not supported for this target [-Wignored-attributes]
C:\MSFS SDK\WASM\include\MSFS/Legacy/gauges.h(40,17): message : expanded from macro 'FSAPI'
C:\MSFS SDK\WASM\include\MSFS/Legacy/gauges.h(6359,14): warning : '__stdcall' calling convention is not supported for this target [-Wignored-attributes]
C:\MSFS SDK\WASM\include\MSFS/Legacy/gauges.h(40,17): message : expanded from macro 'FSAPI'
C:\MSFS SDK\WASM\include\MSFS/Legacy/gauges.h(6362,14): warning : '__stdcall' calling convention is not supported for this target [-Wignored-attributes]
C:\MSFS SDK\WASM\include\MSFS/Legacy/gauges.h(40,17): message : expanded from macro 'FSAPI'
C:\MSFS SDK\WASM\include\MSFS/Legacy/gauges.h(6365,14): warning : '__stdcall' calling convention is not supported for this target [-Wignored-attributes]
C:\MSFS SDK\WASM\include\MSFS/Legacy/gauges.h(40,17): message : expanded from macro 'FSAPI'
C:\MSFS SDK\WASM\include\MSFS/Legacy/gauges.h(6368,14): warning : '__stdcall' calling convention is not supported for this target [-Wignored-attributes]
C:\MSFS SDK\WASM\include\MSFS/Legacy/gauges.h(40,17): message : expanded from macro 'FSAPI'
C:\MSFS SDK\WASM\include\MSFS/Legacy/gauges.h(6371,14): warning : '__stdcall' calling convention is not supported for this target [-Wignored-attributes]
C:\MSFS SDK\WASM\include\MSFS/Legacy/gauges.h(40,17): message : expanded from macro 'FSAPI'
C:\MSFS SDK\WASM\include\MSFS/Legacy/gauges.h(6475,17): warning : '__stdcall' calling convention is not supported for this target [-Wignored-attributes]
C:\MSFS SDK\WASM\include\MSFS/Legacy/gauges.h(40,17): message : expanded from macro 'FSAPI'
C:\MSFS SDK\WASM\include\MSFS/Legacy/gauges.h(6478,17): warning : '__stdcall' calling convention is not supported for this target [-Wignored-attributes]
C:\MSFS SDK\WASM\include\MSFS/Legacy/gauges.h(40,17): message : expanded from macro 'FSAPI'
C:\MSFS SDK\WASM\include\MSFS/Legacy/gauges.h(6481,17): warning : '__stdcall' calling convention is not supported for this target [-Wignored-attributes]
C:\MSFS SDK\WASM\include\MSFS/Legacy/gauges.h(40,17): message : expanded from macro 'FSAPI'
C:\MSFS SDK\WASM\include\MSFS/Legacy/gauges.h(6484,17): warning : '__stdcall' calling convention is not supported for this target [-Wignored-attributes]
C:\MSFS SDK\WASM\include\MSFS/Legacy/gauges.h(40,17): message : expanded from macro 'FSAPI'
C:\MSFS SDK\WASM\include\MSFS/Legacy/gauges.h(6487,17): warning : '__stdcall' calling convention is not supported for this target [-Wignored-attributes]
C:\MSFS SDK\WASM\include\MSFS/Legacy/gauges.h(40,17): message : expanded from macro 'FSAPI'
C:\MSFS SDK\WASM\include\MSFS/Legacy/gauges.h(6490,17): warning : '__stdcall' calling convention is not supported for this target [-Wignored-attributes]
C:\MSFS SDK\WASM\include\MSFS/Legacy/gauges.h(40,17): message : expanded from macro 'FSAPI'
C:\MSFS SDK\WASM\include\MSFS/Legacy/gauges.h(7070,14): warning : '__stdcall' calling convention is not supported for this target [-Wignored-attributes]
C:\MSFS SDK\WASM\include\MSFS/Legacy/gauges.h(40,17): message : expanded from macro 'FSAPI'
C:\MSFS SDK\WASM\include\MSFS/Legacy/gauges.h(7183,10): warning : '__stdcall' calling convention is not supported for this target [-Wignored-attributes]
C:\MSFS SDK\WASM\include\MSFS/Legacy/gauges.h(40,17): message : expanded from macro 'FSAPI'
C:\MSFS SDK\WASM\include\MSFS/Legacy/gauges.h(7184,5): warning : '__stdcall' calling convention is not supported for this target [-Wignored-attributes]
C:\MSFS SDK\WASM\include\MSFS/Legacy/gauges.h(40,17): message : expanded from macro 'FSAPI'
C:\MSFS SDK\WASM\include\MSFS/Legacy/gauges.h(7185,12): warning : '__stdcall' calling convention is not supported for this target [-Wignored-attributes]
C:\MSFS SDK\WASM\include\MSFS/Legacy/gauges.h(40,17): message : expanded from macro 'FSAPI'
C:\MSFS SDK\WASM\include\MSFS/Legacy/gauges.h(7215,7): warning : '__stdcall' calling convention is not supported for this target [-Wignored-attributes]
C:\MSFS SDK\WASM\include\MSFS/Legacy/gauges.h(40,17): message : expanded from macro 'FSAPI'
C:\MSFS SDK\WASM\include\MSFS/Legacy/gauges.h(7216,7): warning : '__stdcall' calling convention is not supported for this target [-Wignored-attributes]
C:\MSFS SDK\WASM\include\MSFS/Legacy/gauges.h(40,17): message : expanded from macro 'FSAPI'
C:\MSFS SDK\WASM\include\MSFS/Legacy/gauges.h(7217,7): warning : '__stdcall' calling convention is not supported for this target [-Wignored-attributes]
C:\MSFS SDK\WASM\include\MSFS/Legacy/gauges.h(40,17): message : expanded from macro 'FSAPI'
C:\MSFS SDK\WASM\include\MSFS/Legacy/gauges.h(7218,7): warning : '__stdcall' calling convention is not supported for this target [-Wignored-attributes]
C:\MSFS SDK\WASM\include\MSFS/Legacy/gauges.h(40,17): message : expanded from macro 'FSAPI'
C:\MSFS SDK\WASM\include\MSFS/Legacy/gauges.h(7219,7): warning : '__stdcall' calling convention is not supported for this target [-Wignored-attributes]
C:\MSFS SDK\WASM\include\MSFS/Legacy/gauges.h(40,17): message : expanded from macro 'FSAPI'
C:\MSFS SDK\WASM\include\MSFS/Legacy/gauges.h(7220,7): warning : '__stdcall' calling convention is not supported for this target [-Wignored-attributes]
C:\MSFS SDK\WASM\include\MSFS/Legacy/gauges.h(40,17): message : expanded from macro 'FSAPI'
C:\MSFS SDK\WASM\include\MSFS/Legacy/gauges.h(7221,7): warning : '__stdcall' calling convention is not supported for this target [-Wignored-attributes]
C:\MSFS SDK\WASM\include\MSFS/Legacy/gauges.h(40,17): message : expanded from macro 'FSAPI'
C:\MSFS SDK\WASM\include\MSFS/Legacy/gauges.h(7222,7): warning : '__stdcall' calling convention is not supported for this target [-Wignored-attributes]
C:\MSFS SDK\WASM\include\MSFS/Legacy/gauges.h(40,17): message : expanded from macro 'FSAPI'
C:\MSFS SDK\WASM\include\MSFS/Legacy/gauges.h(7223,7): warning : '__stdcall' calling convention is not supported for this target [-Wignored-attributes]
C:\MSFS SDK\WASM\include\MSFS/Legacy/gauges.h(40,17): message : expanded from macro 'FSAPI'
C:\MSFS SDK\WASM\include\MSFS/Legacy/gauges.h(7224,7): warning : '__stdcall' calling convention is not supported for this target [-Wignored-attributes]
C:\MSFS SDK\WASM\include\MSFS/Legacy/gauges.h(40,17): message : expanded from macro 'FSAPI'
C:\MSFS SDK\WASM\include\MSFS/Legacy/gauges.h(7225,7): warning : '__stdcall' calling convention is not supported for this target [-Wignored-attributes]
C:\MSFS SDK\WASM\include\MSFS/Legacy/gauges.h(40,17): message : expanded from macro 'FSAPI'
C:\MSFS SDK\WASM\include\MSFS/Legacy/gauges.h(7226,7): warning : '__stdcall' calling convention is not supported for this target [-Wignored-attributes]
C:\MSFS SDK\WASM\include\MSFS/Legacy/gauges.h(40,17): message : expanded from macro 'FSAPI'
C:\MSFS SDK\WASM\include\MSFS/Legacy/gauges.h(7227,7): warning : '__stdcall' calling convention is not supported for this target [-Wignored-attributes]
C:\MSFS SDK\WASM\include\MSFS/Legacy/gauges.h(40,17): message : expanded from macro 'FSAPI'
C:\MSFS SDK\WASM\include\MSFS/Legacy/gauges.h(7228,7): warning : '__stdcall' calling convention is not supported for this target [-Wignored-attributes]
C:\MSFS SDK\WASM\include\MSFS/Legacy/gauges.h(40,17): message : expanded from macro 'FSAPI'
C:\MSFS SDK\WASM\include\MSFS/Legacy/gauges.h(7231,6): warning : '__stdcall' calling convention is not supported for this target [-Wignored-attributes]
C:\MSFS SDK\WASM\include\MSFS/Legacy/gauges.h(40,17): message : expanded from macro 'FSAPI'
C:\MSFS SDK\WASM\include\MSFS/Legacy/gauges.h(7232,7): warning : '__stdcall' calling convention is not supported for this target [-Wignored-attributes]
C:\MSFS SDK\WASM\include\MSFS/Legacy/gauges.h(40,17): message : expanded from macro 'FSAPI'
C:\MSFS SDK\WASM\include\MSFS/Legacy/gauges.h(7233,7): warning : '__stdcall' calling convention is not supported for this target [-Wignored-attributes]
C:\MSFS SDK\WASM\include\MSFS/Legacy/gauges.h(40,17): message : expanded from macro 'FSAPI'
C:\MSFS SDK\WASM\include\MSFS/Legacy/gauges.h(7234,7): warning : '__stdcall' calling convention is not supported for this target [-Wignored-attributes]
C:\MSFS SDK\WASM\include\MSFS/Legacy/gauges.h(40,17): message : expanded from macro 'FSAPI'
C:\MSFS SDK\WASM\include\MSFS/Legacy/gauges.h(7235,7): warning : '__stdcall' calling convention is not supported for this target [-Wignored-attributes]
C:\MSFS SDK\WASM\include\MSFS/Legacy/gauges.h(40,17): message : expanded from macro 'FSAPI'
C:\MSFS SDK\WASM\include\MSFS/Legacy/gauges.h(7236,7): warning : '__stdcall' calling convention is not supported for this target [-Wignored-attributes]
C:\MSFS SDK\WASM\include\MSFS/Legacy/gauges.h(40,17): message : expanded from macro 'FSAPI'
C:\MSFS SDK\WASM\include\MSFS/Legacy/gauges.h(7237,7): warning : '__stdcall' calling convention is not supported for this target [-Wignored-attributes]
C:\MSFS SDK\WASM\include\MSFS/Legacy/gauges.h(40,17): message : expanded from macro 'FSAPI'
C:\MSFS SDK\WASM\include\MSFS/Legacy/gauges.h(7238,7): warning : '__stdcall' calling convention is not supported for this target [-Wignored-attributes]
C:\MSFS SDK\WASM\include\MSFS/Legacy/gauges.h(40,17): message : expanded from macro 'FSAPI'
C:\MSFS SDK\WASM\include\MSFS/Legacy/gauges.h(7239,7): warning : '__stdcall' calling convention is not supported for this target [-Wignored-attributes]
C:\MSFS SDK\WASM\include\MSFS/Legacy/gauges.h(40,17): message : expanded from macro 'FSAPI'
C:\MSFS SDK\WASM\include\MSFS/Legacy/gauges.h(7240,7): warning : '__stdcall' calling convention is not supported for this target [-Wignored-attributes]
C:\MSFS SDK\WASM\include\MSFS/Legacy/gauges.h(40,17): message : expanded from macro 'FSAPI'
C:\MSFS SDK\WASM\include\MSFS/Legacy/gauges.h(7241,7): warning : '__stdcall' calling convention is not supported for this target [-Wignored-attributes]
C:\MSFS SDK\WASM\include\MSFS/Legacy/gauges.h(40,17): message : expanded from macro 'FSAPI'
C:\MSFS SDK\WASM\include\MSFS/Legacy/gauges.h(7242,7): warning : '__stdcall' calling convention is not supported for this target [-Wignored-attributes]
C:\MSFS SDK\WASM\include\MSFS/Legacy/gauges.h(40,17): message : expanded from macro 'FSAPI'
C:\MSFS SDK\WASM\include\MSFS/Legacy/gauges.h(7243,7): warning : '__stdcall' calling convention is not supported for this target [-Wignored-attributes]
C:\MSFS SDK\WASM\include\MSFS/Legacy/gauges.h(40,17): message : expanded from macro 'FSAPI'
C:\MSFS SDK\WASM\include\MSFS/Legacy/gauges.h(7244,5): warning : '__stdcall' calling convention is not supported for this target [-Wignored-attributes]
C:\MSFS SDK\WASM\include\MSFS/Legacy/gauges.h(40,17): message : expanded from macro 'FSAPI'
C:\MSFS SDK\WASM\include\MSFS/Legacy/gauges.h(7245,5): warning : '__stdcall' calling convention is not supported for this target [-Wignored-attributes]
C:\MSFS SDK\WASM\include\MSFS/Legacy/gauges.h(40,17): message : expanded from macro 'FSAPI'
C:\MSFS SDK\WASM\include\MSFS/Legacy/gauges.h(7246,10): warning : '__stdcall' calling convention is not supported for this target [-Wignored-attributes]
C:\MSFS SDK\WASM\include\MSFS/Legacy/gauges.h(40,17): message : expanded from macro 'FSAPI'
C:\MSFS SDK\WASM\include\MSFS/Legacy/gauges.h(7247,10): warning : '__stdcall' calling convention is not supported for this target [-Wignored-attributes]
C:\MSFS SDK\WASM\include\MSFS/Legacy/gauges.h(40,17): message : expanded from macro 'FSAPI'
C:\MSFS SDK\WASM\include\MSFS/Legacy/gauges.h(7248,7): warning : '__stdcall' calling convention is not supported for this target [-Wignored-attributes]
C:\MSFS SDK\WASM\include\MSFS/Legacy/gauges.h(40,17): message : expanded from macro 'FSAPI'
C:\MSFS SDK\WASM\include\MSFS/Legacy/gauges.h(7249,7): warning : '__stdcall' calling convention is not supported for this target [-Wignored-attributes]
C:\MSFS SDK\WASM\include\MSFS/Legacy/gauges.h(40,17): message : expanded from macro 'FSAPI'
C:\MSFS SDK\WASM\include\MSFS/Legacy/gauges.h(7250,12): warning : '__stdcall' calling convention is not supported for this target [-Wignored-attributes]
C:\MSFS SDK\WASM\include\MSFS/Legacy/gauges.h(40,17): message : expanded from macro 'FSAPI'
C:\MSFS SDK\WASM\include\MSFS/Legacy/gauges.h(7251,12): warning : '__stdcall' calling convention is not supported for this target [-Wignored-attributes]
C:\MSFS SDK\WASM\include\MSFS/Legacy/gauges.h(40,17): message : expanded from macro 'FSAPI'
C:\MSFS SDK\WASM\include\MSFS/Legacy/gauges.h(7252,7): warning : '__stdcall' calling convention is not supported for this target [-Wignored-attributes]
C:\MSFS SDK\WASM\include\MSFS/Legacy/gauges.h(40,17): message : expanded from macro 'FSAPI'
C:\MSFS SDK\WASM\include\MSFS/Legacy/gauges.h(7253,7): warning : '__stdcall' calling convention is not supported for this target [-Wignored-attributes]
C:\MSFS SDK\WASM\include\MSFS/Legacy/gauges.h(40,17): message : expanded from macro 'FSAPI'
C:\MSFS SDK\WASM\include\MSFS/Legacy/gauges.h(7254,7): warning : '__stdcall' calling convention is not supported for this target [-Wignored-attributes]
C:\MSFS SDK\WASM\include\MSFS/Legacy/gauges.h(40,17): message : expanded from macro 'FSAPI'
C:\MSFS SDK\WASM\include\MSFS/Legacy/gauges.h(7255,10): warning : '__stdcall' calling convention is not supported for this target [-Wignored-attributes]
C:\MSFS SDK\WASM\include\MSFS/Legacy/gauges.h(40,17): message : expanded from macro 'FSAPI'
C:\MSFS SDK\WASM\include\MSFS/Legacy/gauges.h(7256,7): warning : '__stdcall' calling convention is not supported for this target [-Wignored-attributes]
C:\MSFS SDK\WASM\include\MSFS/Legacy/gauges.h(40,17): message : expanded from macro 'FSAPI'
C:\MSFS SDK\WASM\include\MSFS/Legacy/gauges.h(7257,7): warning : '__stdcall' calling convention is not supported for this target [-Wignored-attributes]
C:\MSFS SDK\WASM\include\MSFS/Legacy/gauges.h(40,17): message : expanded from macro 'FSAPI'
C:\MSFS SDK\WASM\include\MSFS/Legacy/gauges.h(7258,7): warning : '__stdcall' calling convention is not supported for this target [-Wignored-attributes]
C:\MSFS SDK\WASM\include\MSFS/Legacy/gauges.h(40,17): message : expanded from macro 'FSAPI'
C:\MSFS SDK\WASM\include\MSFS/Legacy/gauges.h(7259,7): warning : '__stdcall' calling convention is not supported for this target [-Wignored-attributes]
C:\MSFS SDK\WASM\include\MSFS/Legacy/gauges.h(40,17): message : expanded from macro 'FSAPI'
C:\MSFS SDK\WASM\include\MSFS/Legacy/gauges.h(7260,7): warning : '__stdcall' calling convention is not supported for this target [-Wignored-attributes]
C:\MSFS SDK\WASM\include\MSFS/Legacy/gauges.h(40,17): message : expanded from macro 'FSAPI'
C:\MSFS SDK\WASM\include\MSFS/Legacy/gauges.h(7261,10): warning : '__stdcall' calling convention is not supported for this target [-Wignored-attributes]
C:\MSFS SDK\WASM\include\MSFS/Legacy/gauges.h(40,17): message : expanded from macro 'FSAPI'
C:\MSFS SDK\WASM\include\MSFS/Legacy/gauges.h(7262,7): warning : '__stdcall' calling convention is not supported for this target [-Wignored-attributes]
C:\MSFS SDK\WASM\include\MSFS/Legacy/gauges.h(40,17): message : expanded from macro 'FSAPI'
C:\MSFS SDK\WASM\include\MSFS/Legacy/gauges.h(7263,19): warning : '__stdcall' calling convention is not supported for this target [-Wignored-attributes]
C:\MSFS SDK\WASM\include\MSFS/Legacy/gauges.h(40,17): message : expanded from macro 'FSAPI'
C:\MSFS SDK\WASM\include\MSFS/Legacy/gauges.h(7264,22): warning : '__stdcall' calling convention is not supported for this target [-Wignored-attributes]
C:\MSFS SDK\WASM\include\MSFS/Legacy/gauges.h(40,17): message : expanded from macro 'FSAPI'
C:\MSFS SDK\WASM\include\MSFS/Legacy/gauges.h(7267,7): warning : '__stdcall' calling convention is not supported for this target [-Wignored-attributes]
C:\MSFS SDK\WASM\include\MSFS/Legacy/gauges.h(40,17): message : expanded from macro 'FSAPI'
C:\MSFS SDK\WASM\include\MSFS/Legacy/gauges.h(7270,7): warning : '__stdcall' calling convention is not supported for this target [-Wignored-attributes]
C:\MSFS SDK\WASM\include\MSFS/Legacy/gauges.h(40,17): message : expanded from macro 'FSAPI'
C:\MSFS SDK\WASM\include\MSFS/Legacy/gauges.h(7273,7): warning : '__stdcall' calling convention is not supported for this target [-Wignored-attributes]
C:\MSFS SDK\WASM\include\MSFS/Legacy/gauges.h(40,17): message : expanded from macro 'FSAPI'
C:\MSFS SDK\WASM\include\MSFS/Legacy/gauges.h(7274,7): warning : '__stdcall' calling convention is not supported for this target [-Wignored-attributes]
C:\MSFS SDK\WASM\include\MSFS/Legacy/gauges.h(40,17): message : expanded from macro 'FSAPI'
C:\MSFS SDK\WASM\include\MSFS/Legacy/gauges.h(7275,7): warning : '__stdcall' calling convention is not supported for this target [-Wignored-attributes]
C:\MSFS SDK\WASM\include\MSFS/Legacy/gauges.h(40,17): message : expanded from macro 'FSAPI'
C:\MSFS SDK\WASM\include\MSFS/Legacy/gauges.h(7277,6): warning : '__stdcall' calling convention is not supported for this target [-Wignored-attributes]
C:\MSFS SDK\WASM\include\MSFS/Legacy/gauges.h(40,17): message : expanded from macro 'FSAPI'
C:\MSFS SDK\WASM\include\MSFS/Legacy/gauges.h(7278,7): warning : '__stdcall' calling convention is not supported for this target [-Wignored-attributes]
C:\MSFS SDK\WASM\include\MSFS/Legacy/gauges.h(40,17): message : expanded from macro 'FSAPI'
C:\MSFS SDK\WASM\include\MSFS/Legacy/gauges.h(7279,7): warning : '__stdcall' calling convention is not supported for this target [-Wignored-attributes]
C:\MSFS SDK\WASM\include\MSFS/Legacy/gauges.h(40,17): message : expanded from macro 'FSAPI'
C:\MSFS SDK\WASM\include\MSFS/Legacy/gauges.h(7451,2): warning : '__stdcall' calling convention is not supported for this target [-Wignored-attributes]
C:\MSFS SDK\WASM\include\MSFS/Legacy/gauges.h(7206,38): message : expanded from macro 'FSLINKAGE'
C:\MSFS SDK\WASM\include\MSFS/Legacy/gauges.h(40,17): message : expanded from macro 'FSAPI'
C:\MSFS SDK\WASM\include\MSFS/Legacy/gauges.h(7451,2): warning : '__stdcall' calling convention is not supported for this target [-Wignored-attributes]
C:\MSFS SDK\WASM\include\MSFS/Legacy/gauges.h(7207,38): message : expanded from macro 'FSLINKAGE'
C:\MSFS SDK\WASM\include\MSFS/Legacy/gauges.h(40,17): message : expanded from macro 'FSAPI'
C:\MSFS SDK\WASM\include\MSFS/Legacy/gauges.h(7459,10): warning : __declspec attribute 'dllexport' is not supported [-Wignored-attributes]
C:\MSFS SDK\WASM\include\MSFS/Legacy/gauges.h(33,36): message : expanded from macro 'DECLSPEC_EXPORT'
C:\MSFS SDK\WASM\include\MSFS/Legacy/gauges.h(7464,13): warning : '__stdcall' calling convention is not supported for this target [-Wignored-attributes]
C:\MSFS SDK\WASM\include\MSFS/Legacy/gauges.h(40,17): message : expanded from macro 'FSAPI'
C:\MSFS SDK\WASM\include\MSFS/Legacy/gauges.h(7469,13): warning : '__stdcall' calling convention is not supported for this target [-Wignored-attributes]
C:\MSFS SDK\WASM\include\MSFS/Legacy/gauges.h(40,17): message : expanded from macro 'FSAPI'
C:\MSFS SDK\WASM\include\MSFS/Legacy/gauges.h(7474,13): warning : '__stdcall' calling convention is not supported for this target [-Wignored-attributes]
C:\MSFS SDK\WASM\include\MSFS/Legacy/gauges.h(40,17): message : expanded from macro 'FSAPI'
C:\MSFS SDK\WASM\include\MSFS/Legacy/gauges.h(7479,13): warning : '__stdcall' calling convention is not supported for this target [-Wignored-attributes]
C:\MSFS SDK\WASM\include\MSFS/Legacy/gauges.h(40,17): message : expanded from macro 'FSAPI'
C:\MSFS SDK\WASM\include\MSFS/Legacy/gauges.h(7484,13): warning : '__stdcall' calling convention is not supported for this target [-Wignored-attributes]
C:\MSFS SDK\WASM\include\MSFS/Legacy/gauges.h(40,17): message : expanded from macro 'FSAPI'
C:\MSFS SDK\WASM\include\MSFS/Legacy/gauges.h(7489,13): warning : '__stdcall' calling convention is not supported for this target [-Wignored-attributes]
C:\MSFS SDK\WASM\include\MSFS/Legacy/gauges.h(40,17): message : expanded from macro 'FSAPI'
C:\MSFS SDK\WASM\include\MSFS/Legacy/gauges.h(7494,13): warning : '__stdcall' calling convention is not supported for this target [-Wignored-attributes]
C:\MSFS SDK\WASM\include\MSFS/Legacy/gauges.h(40,17): message : expanded from macro 'FSAPI'
  In file included from WASM_Module_BitsAndDroids.cpp:13:
C:\MSFS SDK\SimConnect SDK\include\SimConnect.h(905,15): warning : '__stdcall' calling convention is not supported for this target [-Wignored-attributes]
C:\MSFS SDK\WASM\include\MSFS/MSFS_WindowsTypes.h(129,21): message : expanded from macro 'CALLBACK'
  In file included from WASM_Module_BitsAndDroids.cpp:13:
C:\MSFS SDK\SimConnect SDK\include\SimConnect.h(907,1): warning : '__stdcall' calling convention is not supported for this target [-Wignored-attributes]
C:\MSFS SDK\SimConnect SDK\include\SimConnect.h(901,42): message : expanded from macro 'SIMCONNECTAPI'
C:\MSFS SDK\SimConnect SDK\include\SimConnect.h(908,1): warning : '__stdcall' calling convention is not supported for this target [-Wignored-attributes]
C:\MSFS SDK\SimConnect SDK\include\SimConnect.h(901,42): message : expanded from macro 'SIMCONNECTAPI'
C:\MSFS SDK\SimConnect SDK\include\SimConnect.h(909,1): warning : '__stdcall' calling convention is not supported for this target [-Wignored-attributes]
C:\MSFS SDK\SimConnect SDK\include\SimConnect.h(901,42): message : expanded from macro 'SIMCONNECTAPI'
C:\MSFS SDK\SimConnect SDK\include\SimConnect.h(910,1): warning : '__stdcall' calling convention is not supported for this target [-Wignored-attributes]
C:\MSFS SDK\SimConnect SDK\include\SimConnect.h(901,42): message : expanded from macro 'SIMCONNECTAPI'
C:\MSFS SDK\SimConnect SDK\include\SimConnect.h(911,1): warning : '__stdcall' calling convention is not supported for this target [-Wignored-attributes]
C:\MSFS SDK\SimConnect SDK\include\SimConnect.h(901,42): message : expanded from macro 'SIMCONNECTAPI'
C:\MSFS SDK\SimConnect SDK\include\SimConnect.h(912,1): warning : '__stdcall' calling convention is not supported for this target [-Wignored-attributes]
C:\MSFS SDK\SimConnect SDK\include\SimConnect.h(901,42): message : expanded from macro 'SIMCONNECTAPI'
C:\MSFS SDK\SimConnect SDK\include\SimConnect.h(913,1): warning : '__stdcall' calling convention is not supported for this target [-Wignored-attributes]
C:\MSFS SDK\SimConnect SDK\include\SimConnect.h(901,42): message : expanded from macro 'SIMCONNECTAPI'
C:\MSFS SDK\SimConnect SDK\include\SimConnect.h(914,1): warning : '__stdcall' calling convention is not supported for this target [-Wignored-attributes]
C:\MSFS SDK\SimConnect SDK\include\SimConnect.h(901,42): message : expanded from macro 'SIMCONNECTAPI'
C:\MSFS SDK\SimConnect SDK\include\SimConnect.h(915,1): warning : '__stdcall' calling convention is not supported for this target [-Wignored-attributes]
C:\MSFS SDK\SimConnect SDK\include\SimConnect.h(901,42): message : expanded from macro 'SIMCONNECTAPI'
C:\MSFS SDK\SimConnect SDK\include\SimConnect.h(916,1): warning : '__stdcall' calling convention is not supported for this target [-Wignored-attributes]
C:\MSFS SDK\SimConnect SDK\include\SimConnect.h(901,42): message : expanded from macro 'SIMCONNECTAPI'
C:\MSFS SDK\SimConnect SDK\include\SimConnect.h(917,1): warning : '__stdcall' calling convention is not supported for this target [-Wignored-attributes]
C:\MSFS SDK\SimConnect SDK\include\SimConnect.h(901,42): message : expanded from macro 'SIMCONNECTAPI'
C:\MSFS SDK\SimConnect SDK\include\SimConnect.h(918,1): warning : '__stdcall' calling convention is not supported for this target [-Wignored-attributes]
C:\MSFS SDK\SimConnect SDK\include\SimConnect.h(901,42): message : expanded from macro 'SIMCONNECTAPI'
C:\MSFS SDK\SimConnect SDK\include\SimConnect.h(919,1): warning : '__stdcall' calling convention is not supported for this target [-Wignored-attributes]
C:\MSFS SDK\SimConnect SDK\include\SimConnect.h(901,42): message : expanded from macro 'SIMCONNECTAPI'
C:\MSFS SDK\SimConnect SDK\include\SimConnect.h(920,1): warning : '__stdcall' calling convention is not supported for this target [-Wignored-attributes]
C:\MSFS SDK\SimConnect SDK\include\SimConnect.h(901,42): message : expanded from macro 'SIMCONNECTAPI'
C:\MSFS SDK\SimConnect SDK\include\SimConnect.h(921,1): warning : '__stdcall' calling convention is not supported for this target [-Wignored-attributes]
C:\MSFS SDK\SimConnect SDK\include\SimConnect.h(901,42): message : expanded from macro 'SIMCONNECTAPI'
C:\MSFS SDK\SimConnect SDK\include\SimConnect.h(922,1): warning : '__stdcall' calling convention is not supported for this target [-Wignored-attributes]
C:\MSFS SDK\SimConnect SDK\include\SimConnect.h(901,42): message : expanded from macro 'SIMCONNECTAPI'
C:\MSFS SDK\SimConnect SDK\include\SimConnect.h(923,1): warning : '__stdcall' calling convention is not supported for this target [-Wignored-attributes]
C:\MSFS SDK\SimConnect SDK\include\SimConnect.h(901,42): message : expanded from macro 'SIMCONNECTAPI'
C:\MSFS SDK\SimConnect SDK\include\SimConnect.h(924,1): warning : '__stdcall' calling convention is not supported for this target [-Wignored-attributes]
C:\MSFS SDK\SimConnect SDK\include\SimConnect.h(901,42): message : expanded from macro 'SIMCONNECTAPI'
C:\MSFS SDK\SimConnect SDK\include\SimConnect.h(925,1): warning : '__stdcall' calling convention is not supported for this target [-Wignored-attributes]
C:\MSFS SDK\SimConnect SDK\include\SimConnect.h(901,42): message : expanded from macro 'SIMCONNECTAPI'
C:\MSFS SDK\SimConnect SDK\include\SimConnect.h(926,1): warning : '__stdcall' calling convention is not supported for this target [-Wignored-attributes]
C:\MSFS SDK\SimConnect SDK\include\SimConnect.h(901,42): message : expanded from macro 'SIMCONNECTAPI'
C:\MSFS SDK\SimConnect SDK\include\SimConnect.h(927,1): warning : '__stdcall' calling convention is not supported for this target [-Wignored-attributes]
C:\MSFS SDK\SimConnect SDK\include\SimConnect.h(901,42): message : expanded from macro 'SIMCONNECTAPI'
C:\MSFS SDK\SimConnect SDK\include\SimConnect.h(928,1): warning : '__stdcall' calling convention is not supported for this target [-Wignored-attributes]
C:\MSFS SDK\SimConnect SDK\include\SimConnect.h(901,42): message : expanded from macro 'SIMCONNECTAPI'
C:\MSFS SDK\SimConnect SDK\include\SimConnect.h(929,1): warning : '__stdcall' calling convention is not supported for this target [-Wignored-attributes]
C:\MSFS SDK\SimConnect SDK\include\SimConnect.h(901,42): message : expanded from macro 'SIMCONNECTAPI'
C:\MSFS SDK\SimConnect SDK\include\SimConnect.h(930,1): warning : '__stdcall' calling convention is not supported for this target [-Wignored-attributes]
C:\MSFS SDK\SimConnect SDK\include\SimConnect.h(901,42): message : expanded from macro 'SIMCONNECTAPI'
C:\MSFS SDK\SimConnect SDK\include\SimConnect.h(931,1): warning : '__stdcall' calling convention is not supported for this target [-Wignored-attributes]
C:\MSFS SDK\SimConnect SDK\include\SimConnect.h(901,42): message : expanded from macro 'SIMCONNECTAPI'
C:\MSFS SDK\SimConnect SDK\include\SimConnect.h(932,1): warning : '__stdcall' calling convention is not supported for this target [-Wignored-attributes]
C:\MSFS SDK\SimConnect SDK\include\SimConnect.h(901,42): message : expanded from macro 'SIMCONNECTAPI'
C:\MSFS SDK\SimConnect SDK\include\SimConnect.h(933,1): warning : '__stdcall' calling convention is not supported for this target [-Wignored-attributes]
C:\MSFS SDK\SimConnect SDK\include\SimConnect.h(901,42): message : expanded from macro 'SIMCONNECTAPI'
C:\MSFS SDK\SimConnect SDK\include\SimConnect.h(934,1): warning : '__stdcall' calling convention is not supported for this target [-Wignored-attributes]
C:\MSFS SDK\SimConnect SDK\include\SimConnect.h(901,42): message : expanded from macro 'SIMCONNECTAPI'
C:\MSFS SDK\SimConnect SDK\include\SimConnect.h(935,1): warning : '__stdcall' calling convention is not supported for this target [-Wignored-attributes]
C:\MSFS SDK\SimConnect SDK\include\SimConnect.h(901,42): message : expanded from macro 'SIMCONNECTAPI'
C:\MSFS SDK\SimConnect SDK\include\SimConnect.h(936,1): warning : '__stdcall' calling convention is not supported for this target [-Wignored-attributes]
C:\MSFS SDK\SimConnect SDK\include\SimConnect.h(901,42): message : expanded from macro 'SIMCONNECTAPI'
C:\MSFS SDK\SimConnect SDK\include\SimConnect.h(937,1): warning : '__stdcall' calling convention is not supported for this target [-Wignored-attributes]
C:\MSFS SDK\SimConnect SDK\include\SimConnect.h(901,42): message : expanded from macro 'SIMCONNECTAPI'
C:\MSFS SDK\SimConnect SDK\include\SimConnect.h(938,1): warning : '__stdcall' calling convention is not supported for this target [-Wignored-attributes]
C:\MSFS SDK\SimConnect SDK\include\SimConnect.h(901,42): message : expanded from macro 'SIMCONNECTAPI'
C:\MSFS SDK\SimConnect SDK\include\SimConnect.h(939,1): warning : '__stdcall' calling convention is not supported for this target [-Wignored-attributes]
C:\MSFS SDK\SimConnect SDK\include\SimConnect.h(901,42): message : expanded from macro 'SIMCONNECTAPI'
C:\MSFS SDK\SimConnect SDK\include\SimConnect.h(940,1): warning : '__stdcall' calling convention is not supported for this target [-Wignored-attributes]
C:\MSFS SDK\SimConnect SDK\include\SimConnect.h(901,42): message : expanded from macro 'SIMCONNECTAPI'
C:\MSFS SDK\SimConnect SDK\include\SimConnect.h(941,1): warning : '__stdcall' calling convention is not supported for this target [-Wignored-attributes]
C:\MSFS SDK\SimConnect SDK\include\SimConnect.h(901,42): message : expanded from macro 'SIMCONNECTAPI'
C:\MSFS SDK\SimConnect SDK\include\SimConnect.h(942,1): warning : '__stdcall' calling convention is not supported for this target [-Wignored-attributes]
C:\MSFS SDK\SimConnect SDK\include\SimConnect.h(901,42): message : expanded from macro 'SIMCONNECTAPI'
C:\MSFS SDK\SimConnect SDK\include\SimConnect.h(943,1): warning : '__stdcall' calling convention is not supported for this target [-Wignored-attributes]
C:\MSFS SDK\SimConnect SDK\include\SimConnect.h(901,42): message : expanded from macro 'SIMCONNECTAPI'
C:\MSFS SDK\SimConnect SDK\include\SimConnect.h(944,1): warning : '__stdcall' calling convention is not supported for this target [-Wignored-attributes]
C:\MSFS SDK\SimConnect SDK\include\SimConnect.h(901,42): message : expanded from macro 'SIMCONNECTAPI'
C:\MSFS SDK\SimConnect SDK\include\SimConnect.h(945,1): warning : '__stdcall' calling convention is not supported for this target [-Wignored-attributes]
C:\MSFS SDK\SimConnect SDK\include\SimConnect.h(901,42): message : expanded from macro 'SIMCONNECTAPI'
C:\MSFS SDK\SimConnect SDK\include\SimConnect.h(946,1): warning : '__stdcall' calling convention is not supported for this target [-Wignored-attributes]
C:\MSFS SDK\SimConnect SDK\include\SimConnect.h(901,42): message : expanded from macro 'SIMCONNECTAPI'
C:\MSFS SDK\SimConnect SDK\include\SimConnect.h(947,1): warning : '__stdcall' calling convention is not supported for this target [-Wignored-attributes]
C:\MSFS SDK\SimConnect SDK\include\SimConnect.h(901,42): message : expanded from macro 'SIMCONNECTAPI'
C:\MSFS SDK\SimConnect SDK\include\SimConnect.h(948,1): warning : '__stdcall' calling convention is not supported for this target [-Wignored-attributes]
C:\MSFS SDK\SimConnect SDK\include\SimConnect.h(901,42): message : expanded from macro 'SIMCONNECTAPI'
C:\MSFS SDK\SimConnect SDK\include\SimConnect.h(949,1): warning : '__stdcall' calling convention is not supported for this target [-Wignored-attributes]
C:\MSFS SDK\SimConnect SDK\include\SimConnect.h(901,42): message : expanded from macro 'SIMCONNECTAPI'
C:\MSFS SDK\SimConnect SDK\include\SimConnect.h(950,1): warning : '__stdcall' calling convention is not supported for this target [-Wignored-attributes]
C:\MSFS SDK\SimConnect SDK\include\SimConnect.h(901,42): message : expanded from macro 'SIMCONNECTAPI'
C:\MSFS SDK\SimConnect SDK\include\SimConnect.h(951,1): warning : '__stdcall' calling convention is not supported for this target [-Wignored-attributes]
C:\MSFS SDK\SimConnect SDK\include\SimConnect.h(901,42): message : expanded from macro 'SIMCONNECTAPI'
C:\MSFS SDK\SimConnect SDK\include\SimConnect.h(952,1): warning : '__stdcall' calling convention is not supported for this target [-Wignored-attributes]
C:\MSFS SDK\SimConnect SDK\include\SimConnect.h(901,42): message : expanded from macro 'SIMCONNECTAPI'
C:\MSFS SDK\SimConnect SDK\include\SimConnect.h(953,1): warning : '__stdcall' calling convention is not supported for this target [-Wignored-attributes]
C:\MSFS SDK\SimConnect SDK\include\SimConnect.h(901,42): message : expanded from macro 'SIMCONNECTAPI'
C:\MSFS SDK\SimConnect SDK\include\SimConnect.h(954,1): warning : '__stdcall' calling convention is not supported for this target [-Wignored-attributes]
C:\MSFS SDK\SimConnect SDK\include\SimConnect.h(901,42): message : expanded from macro 'SIMCONNECTAPI'
C:\MSFS SDK\SimConnect SDK\include\SimConnect.h(955,1): warning : '__stdcall' calling convention is not supported for this target [-Wignored-attributes]
C:\MSFS SDK\SimConnect SDK\include\SimConnect.h(901,42): message : expanded from macro 'SIMCONNECTAPI'
C:\MSFS SDK\SimConnect SDK\include\SimConnect.h(956,1): warning : '__stdcall' calling convention is not supported for this target [-Wignored-attributes]
C:\MSFS SDK\SimConnect SDK\include\SimConnect.h(901,42): message : expanded from macro 'SIMCONNECTAPI'
C:\MSFS SDK\SimConnect SDK\include\SimConnect.h(957,1): warning : '__stdcall' calling convention is not supported for this target [-Wignored-attributes]
C:\MSFS SDK\SimConnect SDK\include\SimConnect.h(901,42): message : expanded from macro 'SIMCONNECTAPI'
C:\MSFS SDK\SimConnect SDK\include\SimConnect.h(958,1): warning : '__stdcall' calling convention is not supported for this target [-Wignored-attributes]
C:\MSFS SDK\SimConnect SDK\include\SimConnect.h(901,42): message : expanded from macro 'SIMCONNECTAPI'
C:\MSFS SDK\SimConnect SDK\include\SimConnect.h(959,1): warning : '__stdcall' calling convention is not supported for this target [-Wignored-attributes]
C:\MSFS SDK\SimConnect SDK\include\SimConnect.h(901,42): message : expanded from macro 'SIMCONNECTAPI'
C:\MSFS SDK\SimConnect SDK\include\SimConnect.h(960,1): warning : '__stdcall' calling convention is not supported for this target [-Wignored-attributes]
C:\MSFS SDK\SimConnect SDK\include\SimConnect.h(901,42): message : expanded from macro 'SIMCONNECTAPI'
C:\MSFS SDK\SimConnect SDK\include\SimConnect.h(961,1): warning : '__stdcall' calling convention is not supported for this target [-Wignored-attributes]
C:\MSFS SDK\SimConnect SDK\include\SimConnect.h(901,42): message : expanded from macro 'SIMCONNECTAPI'
C:\MSFS SDK\SimConnect SDK\include\SimConnect.h(962,1): warning : '__stdcall' calling convention is not supported for this target [-Wignored-attributes]
C:\MSFS SDK\SimConnect SDK\include\SimConnect.h(901,42): message : expanded from macro 'SIMCONNECTAPI'
C:\MSFS SDK\SimConnect SDK\include\SimConnect.h(963,1): warning : '__stdcall' calling convention is not supported for this target [-Wignored-attributes]
C:\MSFS SDK\SimConnect SDK\include\SimConnect.h(901,42): message : expanded from macro 'SIMCONNECTAPI'
C:\MSFS SDK\SimConnect SDK\include\SimConnect.h(964,1): warning : '__stdcall' calling convention is not supported for this target [-Wignored-attributes]
C:\MSFS SDK\SimConnect SDK\include\SimConnect.h(901,42): message : expanded from macro 'SIMCONNECTAPI'
C:\MSFS SDK\SimConnect SDK\include\SimConnect.h(965,1): warning : '__stdcall' calling convention is not supported for this target [-Wignored-attributes]
C:\MSFS SDK\SimConnect SDK\include\SimConnect.h(901,42): message : expanded from macro 'SIMCONNECTAPI'
C:\MSFS SDK\SimConnect SDK\include\SimConnect.h(966,1): warning : '__stdcall' calling convention is not supported for this target [-Wignored-attributes]
C:\MSFS SDK\SimConnect SDK\include\SimConnect.h(901,42): message : expanded from macro 'SIMCONNECTAPI'
C:\MSFS SDK\SimConnect SDK\include\SimConnect.h(967,1): warning : '__stdcall' calling convention is not supported for this target [-Wignored-attributes]
C:\MSFS SDK\SimConnect SDK\include\SimConnect.h(901,42): message : expanded from macro 'SIMCONNECTAPI'
C:\MSFS SDK\SimConnect SDK\include\SimConnect.h(968,1): warning : '__stdcall' calling convention is not supported for this target [-Wignored-attributes]
C:\MSFS SDK\SimConnect SDK\include\SimConnect.h(901,42): message : expanded from macro 'SIMCONNECTAPI'
C:\MSFS SDK\SimConnect SDK\include\SimConnect.h(969,1): warning : '__stdcall' calling convention is not supported for this target [-Wignored-attributes]
C:\MSFS SDK\SimConnect SDK\include\SimConnect.h(901,42): message : expanded from macro 'SIMCONNECTAPI'
C:\MSFS SDK\SimConnect SDK\include\SimConnect.h(970,1): warning : '__stdcall' calling convention is not supported for this target [-Wignored-attributes]
C:\MSFS SDK\SimConnect SDK\include\SimConnect.h(901,42): message : expanded from macro 'SIMCONNECTAPI'
C:\MSFS SDK\SimConnect SDK\include\SimConnect.h(971,1): warning : '__stdcall' calling convention is not supported for this target [-Wignored-attributes]
C:\MSFS SDK\SimConnect SDK\include\SimConnect.h(901,42): message : expanded from macro 'SIMCONNECTAPI'
C:\MSFS SDK\SimConnect SDK\include\SimConnect.h(972,1): warning : '__stdcall' calling convention is not supported for this target [-Wignored-attributes]
C:\MSFS SDK\SimConnect SDK\include\SimConnect.h(901,42): message : expanded from macro 'SIMCONNECTAPI'
C:\MSFS SDK\SimConnect SDK\include\SimConnect.h(973,1): warning : '__stdcall' calling convention is not supported for this target [-Wignored-attributes]
C:\MSFS SDK\SimConnect SDK\include\SimConnect.h(901,42): message : expanded from macro 'SIMCONNECTAPI'
C:\MSFS SDK\SimConnect SDK\include\SimConnect.h(974,1): warning : '__stdcall' calling convention is not supported for this target [-Wignored-attributes]
C:\MSFS SDK\SimConnect SDK\include\SimConnect.h(901,42): message : expanded from macro 'SIMCONNECTAPI'
C:\MSFS SDK\SimConnect SDK\include\SimConnect.h(975,1): warning : '__stdcall' calling convention is not supported for this target [-Wignored-attributes]
C:\MSFS SDK\SimConnect SDK\include\SimConnect.h(901,42): message : expanded from macro 'SIMCONNECTAPI'
C:\MSFS SDK\SimConnect SDK\include\SimConnect.h(976,1): warning : '__stdcall' calling convention is not supported for this target [-Wignored-attributes]
C:\MSFS SDK\SimConnect SDK\include\SimConnect.h(901,42): message : expanded from macro 'SIMCONNECTAPI'
C:\MSFS SDK\SimConnect SDK\include\SimConnect.h(977,1): warning : '__stdcall' calling convention is not supported for this target [-Wignored-attributes]
C:\MSFS SDK\SimConnect SDK\include\SimConnect.h(901,42): message : expanded from macro 'SIMCONNECTAPI'
C:\MSFS SDK\SimConnect SDK\include\SimConnect.h(978,1): warning : '__stdcall' calling convention is not supported for this target [-Wignored-attributes]
C:\MSFS SDK\SimConnect SDK\include\SimConnect.h(901,42): message : expanded from macro 'SIMCONNECTAPI'
C:\MSFS SDK\SimConnect SDK\include\SimConnect.h(979,1): warning : '__stdcall' calling convention is not supported for this target [-Wignored-attributes]
C:\MSFS SDK\SimConnect SDK\include\SimConnect.h(901,42): message : expanded from macro 'SIMCONNECTAPI'
C:\MSFS SDK\SimConnect SDK\include\SimConnect.h(980,1): warning : '__stdcall' calling convention is not supported for this target [-Wignored-attributes]
C:\MSFS SDK\SimConnect SDK\include\SimConnect.h(901,42): message : expanded from macro 'SIMCONNECTAPI'
C:\MSFS SDK\SimConnect SDK\include\SimConnect.h(981,1): warning : '__stdcall' calling convention is not supported for this target [-Wignored-attributes]
C:\MSFS SDK\SimConnect SDK\include\SimConnect.h(901,42): message : expanded from macro 'SIMCONNECTAPI'
C:\MSFS SDK\SimConnect SDK\include\SimConnect.h(982,1): warning : '__stdcall' calling convention is not supported for this target [-Wignored-attributes]
C:\MSFS SDK\SimConnect SDK\include\SimConnect.h(901,42): message : expanded from macro 'SIMCONNECTAPI'
C:\MSFS SDK\SimConnect SDK\include\SimConnect.h(983,1): warning : '__stdcall' calling convention is not supported for this target [-Wignored-attributes]
C:\MSFS SDK\SimConnect SDK\include\SimConnect.h(901,42): message : expanded from macro 'SIMCONNECTAPI'
C:\MSFS SDK\SimConnect SDK\include\SimConnect.h(984,1): warning : '__stdcall' calling convention is not supported for this target [-Wignored-attributes]
C:\MSFS SDK\SimConnect SDK\include\SimConnect.h(901,42): message : expanded from macro 'SIMCONNECTAPI'
C:\MSFS SDK\SimConnect SDK\include\SimConnect.h(985,1): warning : '__stdcall' calling convention is not supported for this target [-Wignored-attributes]
C:\MSFS SDK\SimConnect SDK\include\SimConnect.h(901,42): message : expanded from macro 'SIMCONNECTAPI'
C:\MSFS SDK\SimConnect SDK\include\SimConnect.h(986,1): warning : '__stdcall' calling convention is not supported for this target [-Wignored-attributes]
C:\MSFS SDK\SimConnect SDK\include\SimConnect.h(901,42): message : expanded from macro 'SIMCONNECTAPI'
C:\MSFS SDK\SimConnect SDK\include\SimConnect.h(987,1): warning : '__stdcall' calling convention is not supported for this target [-Wignored-attributes]
C:\MSFS SDK\SimConnect SDK\include\SimConnect.h(901,42): message : expanded from macro 'SIMCONNECTAPI'
C:\MSFS SDK\SimConnect SDK\include\SimConnect.h(988,1): warning : '__stdcall' calling convention is not supported for this target [-Wignored-attributes]
C:\MSFS SDK\SimConnect SDK\include\SimConnect.h(901,42): message : expanded from macro 'SIMCONNECTAPI'
C:\MSFS SDK\SimConnect SDK\include\SimConnect.h(989,1): warning : '__stdcall' calling convention is not supported for this target [-Wignored-attributes]
C:\MSFS SDK\SimConnect SDK\include\SimConnect.h(901,42): message : expanded from macro 'SIMCONNECTAPI'
C:\MSFS SDK\SimConnect SDK\include\SimConnect.h(990,1): warning : '__stdcall' calling convention is not supported for this target [-Wignored-attributes]
C:\MSFS SDK\SimConnect SDK\include\SimConnect.h(901,42): message : expanded from macro 'SIMCONNECTAPI'
C:\MSFS SDK\SimConnect SDK\include\SimConnect.h(991,1): warning : '__stdcall' calling convention is not supported for this target [-Wignored-attributes]
C:\MSFS SDK\SimConnect SDK\include\SimConnect.h(901,42): message : expanded from macro 'SIMCONNECTAPI'
C:\MSFS SDK\SimConnect SDK\include\SimConnect.h(992,1): warning : '__stdcall' calling convention is not supported for this target [-Wignored-attributes]
C:\MSFS SDK\SimConnect SDK\include\SimConnect.h(901,42): message : expanded from macro 'SIMCONNECTAPI'
C:\MSFS SDK\SimConnect SDK\include\SimConnect.h(993,1): warning : '__stdcall' calling convention is not supported for this target [-Wignored-attributes]
C:\MSFS SDK\SimConnect SDK\include\SimConnect.h(901,42): message : expanded from macro 'SIMCONNECTAPI'
C:\MSFS SDK\SimConnect SDK\include\SimConnect.h(994,1): warning : '__stdcall' calling convention is not supported for this target [-Wignored-attributes]
C:\MSFS SDK\SimConnect SDK\include\SimConnect.h(901,42): message : expanded from macro 'SIMCONNECTAPI'
C:\MSFS SDK\SimConnect SDK\include\SimConnect.h(995,1): warning : '__stdcall' calling convention is not supported for this target [-Wignored-attributes]
C:\MSFS SDK\SimConnect SDK\include\SimConnect.h(901,42): message : expanded from macro 'SIMCONNECTAPI'
C:\MSFS SDK\SimConnect SDK\include\SimConnect.h(996,1): warning : '__stdcall' calling convention is not supported for this target [-Wignored-attributes]
C:\MSFS SDK\SimConnect SDK\include\SimConnect.h(901,42): message : expanded from macro 'SIMCONNECTAPI'
C:\MSFS SDK\SimConnect SDK\include\SimConnect.h(997,1): warning : '__stdcall' calling convention is not supported for this target [-Wignored-attributes]
C:\MSFS SDK\SimConnect SDK\include\SimConnect.h(901,42): message : expanded from macro 'SIMCONNECTAPI'
WASM_Module_BitsAndDroids.cpp(50,1): warning : 'static' is not permitted on a declaration of a type [-Wmissing-declarations]
WASM_Module_BitsAndDroids.cpp(56,1): warning : 'static' is not permitted on a declaration of a type [-Wmissing-declarations]
WASM_Module_BitsAndDroids.cpp(62,1): warning : 'static' is not permitted on a declaration of a type [-Wmissing-declarations]
WASM_Module_BitsAndDroids.cpp(69,1): warning : 'static' is not permitted on a declaration of a type [-Wmissing-declarations]
WASM_Module_BitsAndDroids.cpp(130,11): warning : unused variable 'hr' [-Wunused-variable]
WASM_Module_BitsAndDroids.cpp(161,6): warning : '__stdcall' calling convention is not supported for this target [-Wignored-attributes]
C:\MSFS SDK\WASM\include\MSFS/MSFS_WindowsTypes.h(129,21): message : expanded from macro 'CALLBACK'
WASM_Module_BitsAndDroids.cpp(241,43): warning : result of comparison against a string literal is unspecified (use an explicit string comparison function instead) [-Wstring-compare]
  In file included from WASM_Module_BitsAndDroids.cpp:1:
C:\MSFS SDK\WASM\include\MSFS/Legacy/gauges.h(7464,19): warning : unused function 'query_routine_610' [-Wunused-function]
C:\MSFS SDK\WASM\include\MSFS/Legacy/gauges.h(7469,19): warning : unused function 'install_routine_610' [-Wunused-function]
C:\MSFS SDK\WASM\include\MSFS/Legacy/gauges.h(7474,19): warning : unused function 'initialize_routine_610' [-Wunused-function]
C:\MSFS SDK\WASM\include\MSFS/Legacy/gauges.h(7479,19): warning : unused function 'update_routine_610' [-Wunused-function]
C:\MSFS SDK\WASM\include\MSFS/Legacy/gauges.h(7484,19): warning : unused function 'generate_routine_610' [-Wunused-function]
C:\MSFS SDK\WASM\include\MSFS/Legacy/gauges.h(7489,19): warning : unused function 'draw_routine_610' [-Wunused-function]
C:\MSFS SDK\WASM\include\MSFS/Legacy/gauges.h(7494,19): warning : unused function 'kill_routine_610' [-Wunused-function]
  WASM_Module_BitsAndDroids.vcxproj -> E:\BitsAndDroids\WASM\Bits-and-Droids-WASM-module\MSFS\Release\WASM_Module_BitsAndDroids.wasm
